<?xml version="1.0" encoding="UTF-8"?>
<!-- Generated by org.testng.reporters.JUnitReportReporter -->
<testsuite hostname="DESKTOP-97VVJJ8" failures="0" tests="1" name="com.ExtentReportListner.ExtentReportNG" time="1.302" errors="0" timestamp="2023-08-22T18:30:42 IST" skipped="0">
  <testcase classname="com.ExtentReportListner.ExtentReportNG" name="extentTest" time="1.302"/>
  <system-out/>
</testsuite> <!-- com.ExtentReportListner.ExtentReportNG -->
