<?xml version="1.0" encoding="UTF-8"?>
<!-- Generated by org.testng.reporters.JUnitReportReporter -->
<testsuite hostname="DESKTOP-97VVJJ8" failures="0" tests="1" name="com.mtaTestScript.mtloginTest" time="0.312" errors="0" timestamp="2023-08-08T13:19:53 IST" skipped="0">
  <testcase classname="com.mtaTestScript.mtloginTest" name="testValidLogin" time="0.312"/>
  <system-out/>
</testsuite> <!-- com.mtaTestScript.mtloginTest -->
